2025-06-05 21:05:45 INFO  Utils:112 - [TestNG] Running:
  C:\Users\hp\eclipse-workspace1\Project001\ddt.xml

2025-06-05 21:05:56 INFO  TC003_LoginDDT:16 - ** Starting TC_003_LoginDDT ***
2025-06-05 21:05:59 INFO  TC003_LoginDDT:16 - ** Starting TC_003_LoginDDT ***
2025-06-05 21:06:00 INFO  TC003_LoginDDT:16 - ** Starting TC_003_LoginDDT ***
2025-06-05 21:06:03 INFO  TC003_LoginDDT:16 - ** Starting TC_003_LoginDDT ***
2025-06-05 21:06:05 INFO  TC003_LoginDDT:16 - ** Starting TC_003_LoginDDT ***
2025-06-05 21:06:07 INFO  TC003_LoginDDT:16 - ** Starting TC_003_LoginDDT ***
2025-06-05 21:06:23 INFO  Utils:112 - [TestNG] Running:
  C:\Users\hp\eclipse-workspace1\Project001\para.xml

2025-06-05 21:06:28 INFO  TC001Accountregistration:14 - Execution has begin
2025-06-05 21:06:28 INFO  TC001Accountregistration:16 - Clicked on account button
2025-06-05 21:06:29 INFO  TC001Accountregistration:18 - Clicked on account Registration
2025-06-05 21:06:29 INFO  TC001Accountregistration:31 - Actula execution has started
2025-06-05 21:06:30 INFO  TC001Accountregistration:43 - Actul execution has completed
2025-06-05 21:06:35 INFO  TC001login:15 - This is the very first step in execution
2025-06-05 21:06:35 ERROR TC001login:16 - here is an error
2025-06-05 21:06:35 INFO  TC001login:22 - This is the actual value
2025-06-05 21:08:50 INFO  TC001Accountregistration:14 - Execution has begin
2025-06-05 21:08:51 INFO  TC001Accountregistration:16 - Clicked on account button
2025-06-05 21:08:52 INFO  TC001Accountregistration:18 - Clicked on account Registration
2025-06-05 21:08:52 INFO  TC001Accountregistration:31 - Actula execution has started
2025-06-05 21:08:54 INFO  TC001Accountregistration:43 - Actul execution has completed
2025-06-05 21:08:59 INFO  TC001login:15 - This is the very first step in execution
2025-06-05 21:08:59 ERROR TC001login:16 - here is an error
2025-06-05 21:08:59 INFO  TC001login:22 - This is the actual value
2025-06-05 21:10:54 INFO  TC003_LoginDDT:16 - ** Starting TC_003_LoginDDT ***
2025-06-05 21:10:57 INFO  TC003_LoginDDT:16 - ** Starting TC_003_LoginDDT ***
2025-06-05 21:10:58 INFO  TC003_LoginDDT:16 - ** Starting TC_003_LoginDDT ***
2025-06-05 21:11:01 INFO  TC003_LoginDDT:16 - ** Starting TC_003_LoginDDT ***
2025-06-05 21:11:03 INFO  TC003_LoginDDT:16 - ** Starting TC_003_LoginDDT ***
2025-06-05 21:11:07 INFO  TC003_LoginDDT:16 - ** Starting TC_003_LoginDDT ***
